<?xml version="1.0" encoding="UTF-8"?>
<!-- Generated by org.testng.reporters.JUnitReportReporter -->
<testsuite hostname="DESKTOP-13EV4P4" failures="0" tests="4" name="dataBaseTesting.cnblue" time="0.020" errors="0" timestamp="2023-11-08T21:50:15 EET" skipped="3">
  <testcase classname="dataBaseTesting.cnblue" name="UpdateQuery" time="0.020"/>
  <system-out/>
  <testcase classname="dataBaseTesting.cnblue" name="DeleteQuery">
    <skipped/>
  </testcase> <!-- DeleteQuery -->
  <system-out/>
  <testcase classname="dataBaseTesting.cnblue" name="InsertQuery">
    <skipped/>
  </testcase> <!-- InsertQuery -->
  <system-out/>
  <testcase classname="dataBaseTesting.cnblue" name="SelectQuery">
    <skipped/>
  </testcase> <!-- SelectQuery -->
  <system-out/>
</testsuite> <!-- dataBaseTesting.cnblue -->
